<?xml version="1.0" encoding="UTF-8"?>
<!-- Generated by org.testng.reporters.JUnitReportReporter -->
<testsuite hostname="DESKTOP-3CJAD98" failures="0" tests="2" name="com.Target_Website.tests.WebstaurantStoreTests" time="14.543" errors="0" timestamp="2022-01-05T12:42:57 EST" skipped="1">
  <testcase classname="com.Target_Website.tests.WebstaurantStoreTests" name="testCase_SFTC_100" time="14.543"/>
  <system-out/>
  <testcase classname="com.Target_Website.tests.WebstaurantStoreTests" name="testCase_SFTC_101">
    <skipped/>
  </testcase> <!-- testCase_SFTC_101 -->
  <system-out/>
</testsuite> <!-- com.Target_Website.tests.WebstaurantStoreTests -->
